<?xml version="1.0" encoding="UTF-8"?>
<testsuite name="utours.ultimate.PrototypeTest" tests="1" skipped="0" failures="0" errors="0" timestamp="2024-04-15T08:29:04" hostname="ANDY" time="0.048">
  <properties/>
  <testcase name="prototypeTest()" classname="utours.ultimate.PrototypeTest" time="0.048"/>
  <system-out><![CDATA[Display name: Hyper-V Virtual Switch Extension Adapter-Hyper-V Virtual Switch Extension Filter-0000
Name: ethernet_0

Display name: Hyper-V Virtual Ethernet Adapter-WFP Native MAC Layer LightWeight Filter-0000
Name: ethernet_1

Display name: Hyper-V Virtual Ethernet Adapter-QoS Packet Scheduler-0000
Name: ethernet_2

Display name: WAN Miniport (IP)-WFP Native MAC Layer LightWeight Filter-0000
Name: ethernet_3

Display name: Realtek PCIe GbE Family Controller-WFP Native MAC Layer LightWeight Filter-0000
Name: ethernet_4

Display name: Realtek PCIe GbE Family Controller-QoS Packet Scheduler-0000
Name: ethernet_5

Display name: Realtek PCIe GbE Family Controller-WFP 802.3 MAC Layer LightWeight Filter-0000
Name: ethernet_6

Display name: WAN Miniport (IP)-QoS Packet Scheduler-0000
Name: ethernet_7

Display name: WAN Miniport (IPv6)-WFP Native MAC Layer LightWeight Filter-0000
Name: ethernet_8

Display name: WAN Miniport (IPv6)-QoS Packet Scheduler-0000
Name: ethernet_9

Display name: WAN Miniport (Network Monitor)-WFP Native MAC Layer LightWeight Filter-0000
Name: ethernet_10

Display name: WAN Miniport (Network Monitor)-QoS Packet Scheduler-0000
Name: ethernet_11

Display name: Hyper-V Virtual Ethernet Adapter-WFP 802.3 MAC Layer LightWeight Filter-0000
Name: ethernet_12

Display name: Hyper-V Virtual Switch Extension Adapter #2-Hyper-V Virtual Switch Extension Filter-0000
Name: ethernet_13

Display name: Hyper-V Virtual Ethernet Adapter #2-WFP Native MAC Layer LightWeight Filter-0000
Name: ethernet_14

Display name: Hyper-V Virtual Ethernet Adapter #2-QoS Packet Scheduler-0000
Name: ethernet_15

Display name: Hyper-V Virtual Ethernet Adapter #2-WFP 802.3 MAC Layer LightWeight Filter-0000
Name: ethernet_16

Display name: Microsoft Kernel Debug Network Adapter
Name: ethernet_32768

Display name: WAN Miniport (IP)
Name: ethernet_32769

Display name: WAN Miniport (IPv6)
Name: ethernet_32770

Display name: WAN Miniport (Network Monitor)
Name: ethernet_32771

Display name: Realtek PCIe GbE Family Controller
Name: ethernet_32773
InetAddress: /fe80:0:0:0:7117:eba2:f094:4ced%ethernet_32773

Display name: Hyper-V Virtual Switch Extension Adapter
Name: ethernet_32774

Display name: Hyper-V Virtual Ethernet Adapter
Name: ethernet_32775
InetAddress: /fe80:0:0:0:e79f:1a49:5250:5ebc%ethernet_32775
InetAddress: /172.23.80.1

Display name: Hyper-V Virtual Switch Extension Adapter #2
Name: ethernet_32776

Display name: Hyper-V Virtual Ethernet Adapter #2
Name: ethernet_32777
InetAddress: /fe80:0:0:0:11d4:c204:432c:96bf%ethernet_32777
InetAddress: /192.168.208.1

Display name: WAN Miniport (PPPOE)
Name: ppp_32768

Display name: RAS Async Adapter
Name: ppp_32769

Display name: Software Loopback Interface 1
Name: loopback_0
InetAddress: /0:0:0:0:0:0:0:1
InetAddress: /127.0.0.1

Display name: Intel(R) Wi-Fi 6 AX201 160MHz-WFP Native MAC Layer LightWeight Filter-0000
Name: wireless_0

Display name: Intel(R) Wi-Fi 6 AX201 160MHz-Virtual WiFi Filter Driver-0000
Name: wireless_1

Display name: Intel(R) Wi-Fi 6 AX201 160MHz-Native WiFi Filter Driver-0000
Name: wireless_2

Display name: Intel(R) Wi-Fi 6 AX201 160MHz-QoS Packet Scheduler-0000
Name: wireless_3

Display name: Intel(R) Wi-Fi 6 AX201 160MHz-WFP 802.3 MAC Layer LightWeight Filter-0000
Name: wireless_4

Display name: Microsoft Wi-Fi Direct Virtual Adapter #3-WFP Native MAC Layer LightWeight Filter-0000
Name: wireless_5

Display name: Microsoft Wi-Fi Direct Virtual Adapter #3-Native WiFi Filter Driver-0000
Name: wireless_6

Display name: Microsoft Wi-Fi Direct Virtual Adapter #3-QoS Packet Scheduler-0000
Name: wireless_7

Display name: Microsoft Wi-Fi Direct Virtual Adapter #3-WFP 802.3 MAC Layer LightWeight Filter-0000
Name: wireless_8

Display name: Microsoft Wi-Fi Direct Virtual Adapter #4-WFP Native MAC Layer LightWeight Filter-0000
Name: wireless_9

Display name: Microsoft Wi-Fi Direct Virtual Adapter #4-Native WiFi Filter Driver-0000
Name: wireless_10

Display name: Microsoft Wi-Fi Direct Virtual Adapter #4-QoS Packet Scheduler-0000
Name: wireless_11

Display name: Microsoft Wi-Fi Direct Virtual Adapter #4-WFP 802.3 MAC Layer LightWeight Filter-0000
Name: wireless_12

Display name: Intel(R) Wi-Fi 6 AX201 160MHz
Name: wireless_32768
InetAddress: /fe80:0:0:0:e324:adc:e03e:9011%wireless_32768
InetAddress: /172.25.4.75

Display name: Microsoft Wi-Fi Direct Virtual Adapter
Name: wireless_32769

Display name: Microsoft Wi-Fi Direct Virtual Adapter #2
Name: wireless_32770

Display name: Microsoft Wi-Fi Direct Virtual Adapter #3
Name: wireless_32771
InetAddress: /fe80:0:0:0:2566:1db5:9623:d5f2%wireless_32771

Display name: Microsoft Wi-Fi Direct Virtual Adapter #4
Name: wireless_32772
InetAddress: /fe80:0:0:0:7eda:600d:cd91:af33%wireless_32772

Display name: Microsoft Teredo Tunneling Adapter
Name: tunnel_32512

Display name: Microsoft IP-HTTPS Platform Adapter
Name: tunnel_32513

Display name: Microsoft 6to4 Adapter
Name: tunnel_32514

Display name: WAN Miniport (SSTP)
Name: tunnel_32768

Display name: WAN Miniport (IKEv2)
Name: tunnel_32769

Display name: WAN Miniport (L2TP)
Name: tunnel_32770

Display name: WAN Miniport (PPTP)
Name: tunnel_32771

]]></system-out>
  <system-err><![CDATA[]]></system-err>
</testsuite>
